#-----------------------------------------------------------
# Vivado v2015.4 (64-bit)
# SW Build 1412921 on Wed Nov 18 09:43:45 MST 2015
# IP Build 1412160 on Tue Nov 17 13:47:24 MST 2015
# Start of session at: Thu Apr 21 06:26:38 2016
# Process ID: 4564
# Current directory: C:/Users/Yatagarasu/memoryUnit
# Command line: vivado.exe -gui_launcher_event rodinguilauncherevent572 C:\Users\Yatagarasu\memoryUnit\memoryUnit.xpr
# Log file: C:/Users/Yatagarasu/memoryUnit/vivado.log
# Journal file: C:/Users/Yatagarasu/memoryUnit\vivado.jou
#-----------------------------------------------------------
start_gui
open_project C:/Users/Yatagarasu/memoryUnit/memoryUnit.xpr
Scanning sources...
Finished scanning sources
INFO: [IP_Flow 19-234] Refreshing IP repositories
INFO: [IP_Flow 19-1704] No user IP repositories specified
INFO: [IP_Flow 19-2313] Loaded Vivado IP repository 'C:/Xilinx/Vivado/2015.4/data/ip'.
open_project: Time (s): cpu = 00:00:09 ; elapsed = 00:00:08 . Memory (MB): peak = 705.844 ; gain = 89.719
launch_simulation
INFO: [USF-XSim-27] Simulation object is 'sim_1'
INFO: [USF-XSim-37] Inspecting design source files for 'memoryUnit_tb' in fileset 'sim_1'...
INFO: [USF-XSim-97] Finding global include files...
INFO: [USF-XSim-98] Fetching design files from 'sim_1'...
INFO: [USF-XSim-2] XSim::Compile design
INFO: [USF-XSim-61] Executing 'COMPILE' step in 'C:/Users/Yatagarasu/memoryUnit/memoryUnit.sim/sim_1/behav'
"xvhdl -m64 --relax -prj memoryUnit_tb_vhdl.prj"
INFO: [VRFC 10-163] Analyzing VHDL file "C:/Users/Yatagarasu/memoryUnit/memoryUnit.srcs/sources_1/new/memoryUnit.vhd" into library xil_defaultlib
INFO: [VRFC 10-307] analyzing entity memoryUnit
INFO: [VRFC 10-163] Analyzing VHDL file "C:/Users/Yatagarasu/memoryUnit/memoryUnit.srcs/sim_1/new/memoryUnit_tb.vhd" into library xil_defaultlib
INFO: [VRFC 10-307] analyzing entity memoryUnit_tb
INFO: [USF-XSim-3] XSim::Elaborate design
INFO: [USF-XSim-61] Executing 'ELABORATE' step in 'C:/Users/Yatagarasu/memoryUnit/memoryUnit.sim/sim_1/behav'
Vivado Simulator 2015.4
Copyright 1986-1999, 2001-2015 Xilinx, Inc. All Rights Reserved.
Running: C:/Xilinx/Vivado/2015.4/bin/unwrapped/win64.o/xelab.exe -wto ed55cd18f1a8486181eebc74a84092fb --debug typical --relax --mt 2 -L xil_defaultlib -L secureip --snapshot memoryUnit_tb_behav xil_defaultlib.memoryUnit_tb -log elaborate.log 
Using 2 slave threads.
Starting static elaboration
Completed static elaboration
Starting simulation data flow analysis
Completed simulation data flow analysis
INFO: [Common 17-41] Interrupt caught. Command should exit soon.
run_program: Time (s): cpu = 00:00:07 ; elapsed = 00:01:18 . Memory (MB): peak = 712.602 ; gain = 6.332
INFO: [Common 17-344] 'run_program' was cancelled
1
    while executing
"catch {rdi::run_program $scr_file} error_log"
    (procedure "::tclapp::xilinx::xsim::usf_launch_script" line 35)
    invoked from within
"::tclapp::xilinx::xsim::usf_launch_script "xsim" $step"
    (procedure "tclapp::xilinx::xsim::elaborate" line 13)
    invoked from within
"tclapp::xilinx::xsim::elaborate { -simset sim_1 -mode behavioral -run_dir C:/Users/Yatagarasu/memoryUnit/memoryUnit.sim/sim_1/behav -int_os_type 64 -i..."
launch_simulation: Time (s): cpu = 00:00:08 ; elapsed = 00:01:20 . Memory (MB): peak = 712.602 ; gain = 6.332
INFO: [Common 17-344] 'launch_simulation' was cancelled
reset_run synth_1
launch_runs synth_1
INFO: [HDL 9-1061] Parsing VHDL file "C:/Users/Yatagarasu/memoryUnit/memoryUnit.srcs/sources_1/new/memoryUnit.vhd" into library xil_defaultlib [C:/Users/Yatagarasu/memoryUnit/memoryUnit.srcs/sources_1/new/memoryUnit.vhd:1]
[Thu Apr 21 06:33:46 2016] Launched synth_1...
Run output will be captured here: C:/Users/Yatagarasu/memoryUnit/memoryUnit.runs/synth_1/runme.log
launch_simulation
INFO: [USF-XSim-27] Simulation object is 'sim_1'
INFO: [USF-XSim-37] Inspecting design source files for 'memoryUnit_tb' in fileset 'sim_1'...
INFO: [USF-XSim-97] Finding global include files...
INFO: [USF-XSim-98] Fetching design files from 'sim_1'...
INFO: [USF-XSim-2] XSim::Compile design
INFO: [USF-XSim-61] Executing 'COMPILE' step in 'C:/Users/Yatagarasu/memoryUnit/memoryUnit.sim/sim_1/behav'
"xvhdl -m64 --relax -prj memoryUnit_tb_vhdl.prj"
INFO: [VRFC 10-163] Analyzing VHDL file "C:/Users/Yatagarasu/memoryUnit/memoryUnit.srcs/sources_1/new/memoryUnit.vhd" into library xil_defaultlib
INFO: [VRFC 10-307] analyzing entity memoryUnit
INFO: [VRFC 10-163] Analyzing VHDL file "C:/Users/Yatagarasu/memoryUnit/memoryUnit.srcs/sim_1/new/memoryUnit_tb.vhd" into library xil_defaultlib
INFO: [VRFC 10-307] analyzing entity memoryUnit_tb
INFO: [USF-XSim-3] XSim::Elaborate design
INFO: [USF-XSim-61] Executing 'ELABORATE' step in 'C:/Users/Yatagarasu/memoryUnit/memoryUnit.sim/sim_1/behav'
Vivado Simulator 2015.4
Copyright 1986-1999, 2001-2015 Xilinx, Inc. All Rights Reserved.
Running: C:/Xilinx/Vivado/2015.4/bin/unwrapped/win64.o/xelab.exe -wto ed55cd18f1a8486181eebc74a84092fb --debug typical --relax --mt 2 -L xil_defaultlib -L secureip --snapshot memoryUnit_tb_behav xil_defaultlib.memoryUnit_tb -log elaborate.log 
Using 2 slave threads.
Starting static elaboration
Completed static elaboration
Starting simulation data flow analysis
Completed simulation data flow analysis
Time Resolution for simulation is 1ps
Compiling package std.standard
Compiling package ieee.std_logic_1164
Compiling package ieee.numeric_std
Compiling architecture memoryunitarch of entity xil_defaultlib.memoryUnit [memoryunit_default]
Compiling architecture behavioral of entity xil_defaultlib.memoryunit_tb
Waiting for 1 sub-compilation(s) to finish...
Built simulation snapshot memoryUnit_tb_behav

****** Webtalk v2015.4 (64-bit)
  **** SW Build 1412921 on Wed Nov 18 09:43:45 MST 2015
  **** IP Build 1412160 on Tue Nov 17 13:47:24 MST 2015
    ** Copyright 1986-2015 Xilinx, Inc. All Rights Reserved.

source C:/Users/Yatagarasu/memoryUnit/memoryUnit.sim/sim_1/behav/xsim.dir/memoryUnit_tb_behav/webtalk/xsim_webtalk.tcl -notrace
INFO: [Common 17-206] Exiting Webtalk at Thu Apr 21 06:34:44 2016...
INFO: [USF-XSim-4] XSim::Simulate design
INFO: [USF-XSim-61] Executing 'SIMULATE' step in 'C:/Users/Yatagarasu/memoryUnit/memoryUnit.sim/sim_1/behav'
INFO: [USF-XSim-98] *** Running xsim
   with args "memoryUnit_tb_behav -key {Behavioral:sim_1:Functional:memoryUnit_tb} -tclbatch {memoryUnit_tb.tcl} -log {simulate.log}"
INFO: [USF-XSim-8] Loading simulator feature
Vivado Simulator 2015.4
Time resolution is 1 ps
source memoryUnit_tb.tcl
# set curr_wave [current_wave_config]
# if { [string length $curr_wave] == 0 } {
#   if { [llength [get_objects]] > 0} {
#     add_wave /
#     set_property needs_save false [current_wave_config]
#   } else {
#      send_msg_id Add_Wave-1 WARNING "No top level signals found. Simulator will start without a wave window. If you want to open a wave window go to 'File->New Waveform Configuration' or type 'create_wave_config' in the TCL console."
#   }
# }
# run 1000ns
INFO: [USF-XSim-96] XSim completed. Design snapshot 'memoryUnit_tb_behav' loaded.
INFO: [USF-XSim-97] XSim simulation ran for 1000ns
launch_simulation: Time (s): cpu = 00:00:02 ; elapsed = 00:00:06 . Memory (MB): peak = 738.051 ; gain = 0.406
close_sim
INFO: [Simtcl 6-16] Simulation closed
exit
INFO: [Common 17-206] Exiting Vivado at Thu Apr 21 06:37:02 2016...
